<?xml version="1.0" encoding="UTF-8"?>
<robot generator="Robot 3.2.2 (Python 3.8.5 on win32)" generated="20201018 16:49:45.866" rpa="false">
<suite id="s1" name="First" source="C:\Users\Valvog\PycharmProjects\pythonProject1\first.robot">
<test id="s1-t1" name="Login Test">
<kw name="Open Browser" library="SeleniumLibrary">
<doc>Opens a new browser instance to the optional ``url``.</doc>
<arguments>
<arg>https://dashboard.bip.events/login</arg>
<arg>chrome</arg>
</arguments>
<msg timestamp="20201018 16:49:46.047" level="INFO">Opening browser 'chrome' to base url 'https://dashboard.bip.events/login'.</msg>
<status status="PASS" starttime="20201018 16:49:46.046" endtime="20201018 16:49:49.966"></status>
</kw>
<kw name="Input Text" library="SeleniumLibrary">
<doc>Types the given ``text`` into the text field identified by ``locator``.</doc>
<arguments>
<arg>id:email</arg>
<arg>amir@event.com</arg>
</arguments>
<msg timestamp="20201018 16:49:49.967" level="INFO">Typing text 'amir@event.com' into text field 'id:email'.</msg>
<status status="PASS" starttime="20201018 16:49:49.967" endtime="20201018 16:49:50.032"></status>
</kw>
<kw name="Input Text" library="SeleniumLibrary">
<doc>Types the given ``text`` into the text field identified by ``locator``.</doc>
<arguments>
<arg>id:password</arg>
<arg>04815980</arg>
</arguments>
<msg timestamp="20201018 16:49:50.033" level="INFO">Typing text '04815980' into text field 'id:password'.</msg>
<status status="PASS" starttime="20201018 16:49:50.033" endtime="20201018 16:49:50.095"></status>
</kw>
<kw name="Click Element" library="SeleniumLibrary">
<doc>Click the element identified by ``locator``.</doc>
<arguments>
<arg>xpath://*[@id="main"]/section/form/div/div/div/div/div[4]/button</arg>
</arguments>
<msg timestamp="20201018 16:49:50.095" level="INFO">Clicking element 'xpath://*[@id="main"]/section/form/div/div/div/div/div[4]/button'.</msg>
<status status="PASS" starttime="20201018 16:49:50.095" endtime="20201018 16:49:50.783"></status>
</kw>
<kw name="Click Element" library="SeleniumLibrary">
<doc>Click the element identified by ``locator``.</doc>
<arguments>
<arg>xpath://*[@id="main"]/section/div/div/div/div/div[2]/a[2]</arg>
</arguments>
<msg timestamp="20201018 16:49:50.784" level="INFO">Clicking element 'xpath://*[@id="main"]/section/div/div/div/div/div[2]/a[2]'.</msg>
<status status="PASS" starttime="20201018 16:49:50.784" endtime="20201018 16:49:52.083"></status>
</kw>
<kw name="Click Element" library="SeleniumLibrary">
<doc>Click the element identified by ``locator``.</doc>
<arguments>
<arg>//*[@id="main"]/div/div[2]/div/div[1]/div/div/a</arg>
</arguments>
<msg timestamp="20201018 16:49:52.084" level="INFO">Clicking element '//*[@id="main"]/div/div[2]/div/div[1]/div/div/a'.</msg>
<status status="PASS" starttime="20201018 16:49:52.084" endtime="20201018 16:49:52.250"></status>
</kw>
<kw name="Sleep" library="BuiltIn">
<doc>Pauses the test executed for the given time.</doc>
<arguments>
<arg>1s</arg>
</arguments>
<msg timestamp="20201018 16:49:53.252" level="INFO">Slept 1 second</msg>
<status status="PASS" starttime="20201018 16:49:52.251" endtime="20201018 16:49:53.252"></status>
</kw>
<kw name="Input Text" library="SeleniumLibrary">
<doc>Types the given ``text`` into the text field identified by ``locator``.</doc>
<arguments>
<arg>id:title</arg>
<arg>evenement125478</arg>
</arguments>
<msg timestamp="20201018 16:49:53.252" level="INFO">Typing text 'evenement125478' into text field 'id:title'.</msg>
<status status="PASS" starttime="20201018 16:49:53.252" endtime="20201018 16:49:53.319"></status>
</kw>
<kw name="Click Element" library="SeleniumLibrary">
<doc>Click the element identified by ``locator``.</doc>
<arguments>
<arg>xpath://div[6]</arg>
</arguments>
<msg timestamp="20201018 16:49:53.320" level="INFO">Clicking element 'xpath://div[6]'.</msg>
<status status="PASS" starttime="20201018 16:49:53.319" endtime="20201018 16:49:53.359"></status>
</kw>
<kw name="Close Browser" library="SeleniumLibrary">
<doc>Closes the current browser.</doc>
<status status="PASS" starttime="20201018 16:49:53.359" endtime="20201018 16:49:55.482"></status>
</kw>
<status status="PASS" starttime="20201018 16:49:46.046" endtime="20201018 16:49:55.482" critical="yes"></status>
</test>
<status status="PASS" starttime="20201018 16:49:45.867" endtime="20201018 16:49:55.483"></status>
</suite>
<statistics>
<total>
<stat pass="1" fail="0">Critical Tests</stat>
<stat pass="1" fail="0">All Tests</stat>
</total>
<tag>
</tag>
<suite>
<stat pass="1" fail="0" id="s1" name="First">First</stat>
</suite>
</statistics>
<errors>
</errors>
</robot>
